<?xml version="1.0" encoding="UTF-8"?>
<testng-results ignored="0" total="1" passed="1" failed="0" skipped="0">
  <reporter-output>
  </reporter-output>
  <suite started-at="2025-03-10T15:55:45 IST" name="Default suite" finished-at="2025-03-10T15:56:50 IST" duration-ms="65532">
    <groups>
    </groups>
    <test started-at="2025-03-10T15:55:45 IST" name="Default test" finished-at="2025-03-10T15:56:50 IST" duration-ms="65532">
      <class name="UBIZ.Finance.Testcase">
        <test-method is-config="true" signature="setup()[pri:0, instance:UBIZ.Finance.Testcase@55141def]" started-at="2025-03-10T15:55:45 IST" name="setup" finished-at="2025-03-10T15:56:29 IST" duration-ms="44327" status="PASS">
          <reporter-output>
          </reporter-output>
        </test-method> <!-- setup -->
        <test-method signature="validtest()[pri:0, instance:UBIZ.Finance.Testcase@55141def]" started-at="2025-03-10T15:56:29 IST" name="validtest" finished-at="2025-03-10T15:56:50 IST" duration-ms="20386" status="PASS">
          <reporter-output>
          </reporter-output>
        </test-method> <!-- validtest -->
        <test-method is-config="true" signature="teardown()[pri:0, instance:UBIZ.Finance.Testcase@55141def]" started-at="2025-03-10T15:56:50 IST" name="teardown" finished-at="2025-03-10T15:56:50 IST" duration-ms="712" status="PASS">
          <reporter-output>
          </reporter-output>
        </test-method> <!-- teardown -->
      </class> <!-- UBIZ.Finance.Testcase -->
    </test> <!-- Default test -->
  </suite> <!-- Default suite -->
</testng-results>
